tar: Cowardly refusing to create an empty archive
Try `tar --help' or `tar --usage' for more information.
tar: Removing leading `/' from member names
tar: Removing leading `/' from member names
tar: Removing leading `/' from member names
tar: Removing leading `/' from member names
tar: Removing leading `/' from member names
tar: Removing leading `/' from member names
tar: Removing leading `/' from member names
tar: Removing leading `/' from member names
tar: Removing leading `/' from member names
tar: Removing leading `/' from member names
tar: Removing leading `/' from member names
tar: Removing leading `/' from member names
tar: Removing leading `/' from member names
tar: Removing leading `/' from member names
tar: Removing leading `/' from member names
tar: Removing leading `/' from member names
tar: Removing leading `/' from member names
tar: Removing leading `/' from member names
tar: Removing leading `/' from member names
tar: Removing leading `/' from member names
tar: Removing leading `/' from member names
tar: Removing leading `/' from member names
tar: Removing leading `/' from member names
tar: Removing leading `/' from member names
tar: Removing leading `/' from member names
tar: Removing leading `/' from member names
tar: Removing leading `/' from member names
tar: Removing leading `/' from member names
tar: Removing leading `/' from member names
tar: Removing leading `/' from member names
tar: Removing leading `/' from member names
tar: Removing leading `/' from member names
tar: Removing leading `/' from member names
tar: Removing leading `/' from member names
tar: Removing leading `/' from member names
tar: Removing leading `/' from member names
tar: Removing leading `/' from member names
tar: Removing leading `/' from member names
tar: Removing leading `/' from member names
tar: Removing leading `/' from member names
tar: Removing leading `/' from member names
tar: Removing leading `/' from member names
tar: Removing leading `/' from member names
tar: /home/o*: Cannot stat: No such file or directory
tar: Error exit delayed from previous errors
tar: Removing leading `/' from member names
tar: Removing leading `/' from member names
tar: /home/q*: Cannot stat: No such file or directory
tar: Error exit delayed from previous errors
tar: Removing leading `/' from member names
tar: Removing leading `/' from member names
tar: Removing leading `/' from member names
tar: Removing leading `/' from member names
tar: Removing leading `/' from member names
tar: Removing leading `/' from member names

gzip: stdout: No space left on device
tar: Child returned status 1
tar: Error exit delayed from previous errors
tar: Removing leading `/' from member names
tar: /home/x*: Cannot stat: No such file or directory

gzip: stdout: No space left on device
tar: Child returned status 1
tar: Error exit delayed from previous errors
tar: Removing leading `/' from member names
tar: /home/y*: Cannot stat: No such file or directory
tar: /mnt/home/homeY.2009.07.19.tgz: Cannot open: No such file or directory
tar: Error is not recoverable: exiting now
tar: Child returned status 2
tar: Error exit delayed from previous errors
tar: Removing leading `/' from member names

gzip: stdout: No space left on device
tar: Child returned status 1
tar: Error exit delayed from previous errors
